  Ball.cpp
D:\WorkUni\UNI\Code-Architecture-Class\ArquitecturaSkeleton\1_Skeleton\1_Skeleton\swalib-master\swalib_example\swalib_example\Ball.h(14,9): error C3646: '_pos': unknown override specifier
D:\WorkUni\UNI\Code-Architecture-Class\ArquitecturaSkeleton\1_Skeleton\1_Skeleton\swalib-master\swalib_example\swalib_example\Ball.h(14,13): error C4430: missing type specifier - int assumed. Note: C++ does not support default-int
D:\WorkUni\UNI\Code-Architecture-Class\ArquitecturaSkeleton\1_Skeleton\1_Skeleton\swalib-master\swalib_example\swalib_example\Ball.h(15,9): error C3646: '_vel': unknown override specifier
D:\WorkUni\UNI\Code-Architecture-Class\ArquitecturaSkeleton\1_Skeleton\1_Skeleton\swalib-master\swalib_example\swalib_example\Ball.h(15,13): error C4430: missing type specifier - int assumed. Note: C++ does not support default-int
D:\WorkUni\UNI\Code-Architecture-Class\ArquitecturaSkeleton\1_Skeleton\1_Skeleton\swalib-master\swalib_example\swalib_example\Ball.h(16,9): error C3646: '_gfx': unknown override specifier
D:\WorkUni\UNI\Code-Architecture-Class\ArquitecturaSkeleton\1_Skeleton\1_Skeleton\swalib-master\swalib_example\swalib_example\Ball.h(16,13): error C4430: missing type specifier - int assumed. Note: C++ does not support default-int
D:\WorkUni\UNI\Code-Architecture-Class\ArquitecturaSkeleton\1_Skeleton\1_Skeleton\swalib-master\swalib_example\swalib_example\Ball.h(21,7): error C3646: 'GetPosition': unknown override specifier
D:\WorkUni\UNI\Code-Architecture-Class\ArquitecturaSkeleton\1_Skeleton\1_Skeleton\swalib-master\swalib_example\swalib_example\Ball.h(21,18): error C2059: syntax error: '('
D:\WorkUni\UNI\Code-Architecture-Class\ArquitecturaSkeleton\1_Skeleton\1_Skeleton\swalib-master\swalib_example\swalib_example\Ball.h(21,21): error C2334: unexpected token(s) preceding '{'; skipping apparent function body
D:\WorkUni\UNI\Code-Architecture-Class\ArquitecturaSkeleton\1_Skeleton\1_Skeleton\swalib-master\swalib_example\swalib_example\Ball.h(22,19): error C2061: syntax error: identifier 'vec2'
D:\WorkUni\UNI\Code-Architecture-Class\ArquitecturaSkeleton\1_Skeleton\1_Skeleton\swalib-master\swalib_example\swalib_example\Ball.h(24,7): error C3646: 'GetVelocity': unknown override specifier
D:\WorkUni\UNI\Code-Architecture-Class\ArquitecturaSkeleton\1_Skeleton\1_Skeleton\swalib-master\swalib_example\swalib_example\Ball.h(24,18): error C2059: syntax error: '('
D:\WorkUni\UNI\Code-Architecture-Class\ArquitecturaSkeleton\1_Skeleton\1_Skeleton\swalib-master\swalib_example\swalib_example\Ball.h(24,21): error C2334: unexpected token(s) preceding '{'; skipping apparent function body
D:\WorkUni\UNI\Code-Architecture-Class\ArquitecturaSkeleton\1_Skeleton\1_Skeleton\swalib-master\swalib_example\swalib_example\Ball.h(25,19): error C2061: syntax error: identifier 'vec2'
D:\WorkUni\UNI\Code-Architecture-Class\ArquitecturaSkeleton\1_Skeleton\1_Skeleton\swalib-master\swalib_example\swalib_example\Ball.h(27,9): error C3646: 'GetSprite': unknown override specifier
D:\WorkUni\UNI\Code-Architecture-Class\ArquitecturaSkeleton\1_Skeleton\1_Skeleton\swalib-master\swalib_example\swalib_example\Ball.h(27,18): error C2059: syntax error: '('
D:\WorkUni\UNI\Code-Architecture-Class\ArquitecturaSkeleton\1_Skeleton\1_Skeleton\swalib-master\swalib_example\swalib_example\Ball.h(27,21): error C2334: unexpected token(s) preceding '{'; skipping apparent function body
D:\WorkUni\UNI\Code-Architecture-Class\ArquitecturaSkeleton\1_Skeleton\1_Skeleton\swalib-master\swalib_example\swalib_example\Ball.h(28,17): error C2061: syntax error: identifier 'GLuint'
D:\WorkUni\UNI\Code-Architecture-Class\ArquitecturaSkeleton\1_Skeleton\1_Skeleton\swalib-master\swalib_example\swalib_example\Ball.h(22,31): error C2065: '_pos': undeclared identifier
D:\WorkUni\UNI\Code-Architecture-Class\ArquitecturaSkeleton\1_Skeleton\1_Skeleton\swalib-master\swalib_example\swalib_example\Ball.h(22,38): error C2065: 'pos': undeclared identifier
D:\WorkUni\UNI\Code-Architecture-Class\ArquitecturaSkeleton\1_Skeleton\1_Skeleton\swalib-master\swalib_example\swalib_example\Ball.h(25,36): error C2065: '_vel': undeclared identifier
D:\WorkUni\UNI\Code-Architecture-Class\ArquitecturaSkeleton\1_Skeleton\1_Skeleton\swalib-master\swalib_example\swalib_example\Ball.h(25,43): error C2065: 'velocity': undeclared identifier
D:\WorkUni\UNI\Code-Architecture-Class\ArquitecturaSkeleton\1_Skeleton\1_Skeleton\swalib-master\swalib_example\swalib_example\Ball.h(28,34): error C2065: '_gfx': undeclared identifier
D:\WorkUni\UNI\Code-Architecture-Class\ArquitecturaSkeleton\1_Skeleton\1_Skeleton\swalib-master\swalib_example\swalib_example\Ball.h(28,41): error C2065: 'sprite': undeclared identifier
D:\WorkUni\UNI\Code-Architecture-Class\ArquitecturaSkeleton\1_Skeleton\1_Skeleton\swalib-master\swalib_example\swalib_example\Ball.cpp(5,2): error C2614: 'Ball': illegal member initialization: '_pos' is not a base or member
D:\WorkUni\UNI\Code-Architecture-Class\ArquitecturaSkeleton\1_Skeleton\1_Skeleton\swalib-master\swalib_example\swalib_example\Ball.cpp(6,2): error C2614: 'Ball': illegal member initialization: '_vel' is not a base or member
D:\WorkUni\UNI\Code-Architecture-Class\ArquitecturaSkeleton\1_Skeleton\1_Skeleton\swalib-master\swalib_example\swalib_example\Ball.cpp(7,2): error C2614: 'Ball': illegal member initialization: '_gfx' is not a base or member
D:\WorkUni\UNI\Code-Architecture-Class\ArquitecturaSkeleton\1_Skeleton\1_Skeleton\swalib-master\swalib_example\swalib_example\Ball.cpp(21,16): error C2065: '_pos': undeclared identifier
D:\WorkUni\UNI\Code-Architecture-Class\ArquitecturaSkeleton\1_Skeleton\1_Skeleton\swalib-master\swalib_example\swalib_example\Ball.cpp(21,23): error C2065: '_vel': undeclared identifier
D:\WorkUni\UNI\Code-Architecture-Class\ArquitecturaSkeleton\1_Skeleton\1_Skeleton\swalib-master\swalib_example\swalib_example\Ball.cpp(24,6): error C2065: '_pos': undeclared identifier
D:\WorkUni\UNI\Code-Architecture-Class\ArquitecturaSkeleton\1_Skeleton\1_Skeleton\swalib-master\swalib_example\swalib_example\Ball.cpp(24,28): error C2065: '_pos': undeclared identifier
D:\WorkUni\UNI\Code-Architecture-Class\ArquitecturaSkeleton\1_Skeleton\1_Skeleton\swalib-master\swalib_example\swalib_example\Ball.cpp(26,3): error C2065: '_vel': undeclared identifier
D:\WorkUni\UNI\Code-Architecture-Class\ArquitecturaSkeleton\1_Skeleton\1_Skeleton\swalib-master\swalib_example\swalib_example\Ball.cpp(28,6): error C2065: '_pos': undeclared identifier
D:\WorkUni\UNI\Code-Architecture-Class\ArquitecturaSkeleton\1_Skeleton\1_Skeleton\swalib-master\swalib_example\swalib_example\Ball.cpp(28,29): error C2065: '_pos': undeclared identifier
D:\WorkUni\UNI\Code-Architecture-Class\ArquitecturaSkeleton\1_Skeleton\1_Skeleton\swalib-master\swalib_example\swalib_example\Ball.cpp(30,3): error C2065: '_vel': undeclared identifier
D:\WorkUni\UNI\Code-Architecture-Class\ArquitecturaSkeleton\1_Skeleton\1_Skeleton\swalib-master\swalib_example\swalib_example\Ball.cpp(38,2): error C2065: '_vel': undeclared identifier
  GameManager.cpp
D:\WorkUni\UNI\Code-Architecture-Class\ArquitecturaSkeleton\1_Skeleton\1_Skeleton\swalib-master\swalib_example\swalib_example\Timer.h(14,54): warning C4244: 'return': conversion from '__int64' to 'double', possible loss of data
D:\WorkUni\UNI\Code-Architecture-Class\ArquitecturaSkeleton\1_Skeleton\1_Skeleton\swalib-master\swalib_example\swalib_example\GameManager.cpp(34,20): warning C4018: '<': signed/unsigned mismatch
D:\WorkUni\UNI\Code-Architecture-Class\ArquitecturaSkeleton\1_Skeleton\1_Skeleton\swalib-master\swalib_example\swalib_example\GameManager.cpp(37,21): warning C4018: '<': signed/unsigned mismatch
D:\WorkUni\UNI\Code-Architecture-Class\ArquitecturaSkeleton\1_Skeleton\1_Skeleton\swalib-master\swalib_example\swalib_example\GameManager.cpp(56,2): error C2065: 'texbkg': undeclared identifier
D:\WorkUni\UNI\Code-Architecture-Class\ArquitecturaSkeleton\1_Skeleton\1_Skeleton\swalib-master\swalib_example\swalib_example\GameManager.cpp(57,2): error C2065: 'texsmallball': undeclared identifier
D:\WorkUni\UNI\Code-Architecture-Class\ArquitecturaSkeleton\1_Skeleton\1_Skeleton\swalib-master\swalib_example\swalib_example\GameManager.cpp(60,20): warning C4018: '<': signed/unsigned mismatch
D:\WorkUni\UNI\Code-Architecture-Class\ArquitecturaSkeleton\1_Skeleton\1_Skeleton\swalib-master\swalib_example\swalib_example\GameManager.cpp(63,42): error C2065: 'MAX_BALL_SPEED': undeclared identifier
D:\WorkUni\UNI\Code-Architecture-Class\ArquitecturaSkeleton\1_Skeleton\1_Skeleton\swalib-master\swalib_example\swalib_example\GameManager.cpp(63,59): error C2065: 'MAX_BALL_SPEED': undeclared identifier
D:\WorkUni\UNI\Code-Architecture-Class\ArquitecturaSkeleton\1_Skeleton\1_Skeleton\swalib-master\swalib_example\swalib_example\GameManager.cpp(63,88): error C2065: 'MAX_BALL_SPEED': undeclared identifier
D:\WorkUni\UNI\Code-Architecture-Class\ArquitecturaSkeleton\1_Skeleton\1_Skeleton\swalib-master\swalib_example\swalib_example\GameManager.cpp(63,105): error C2065: 'MAX_BALL_SPEED': undeclared identifier
D:\WorkUni\UNI\Code-Architecture-Class\ArquitecturaSkeleton\1_Skeleton\1_Skeleton\swalib-master\swalib_example\swalib_example\GameManager.cpp(65,23): error C2065: 'texsmallball': undeclared identifier
  Render.cpp
D:\WorkUni\UNI\Code-Architecture-Class\ArquitecturaSkeleton\1_Skeleton\1_Skeleton\swalib-master\swalib_example\swalib_example\Timer.h(14,54): warning C4244: 'return': conversion from '__int64' to 'double', possible loss of data
D:\WorkUni\UNI\Code-Architecture-Class\ArquitecturaSkeleton\1_Skeleton\1_Skeleton\swalib-master\swalib_example\swalib_example\Render.cpp(65,17): error C2065: 'texbkg': undeclared identifier
D:\WorkUni\UNI\Code-Architecture-Class\ArquitecturaSkeleton\1_Skeleton\1_Skeleton\swalib-master\swalib_example\swalib_example\Render.cpp(66,17): error C2065: 'texsmallball': undeclared identifier
D:\WorkUni\UNI\Code-Architecture-Class\ArquitecturaSkeleton\1_Skeleton\1_Skeleton\swalib-master\swalib_example\swalib_example\Render.cpp(77,92): error C2065: 'texbkg': undeclared identifier
D:\WorkUni\UNI\Code-Architecture-Class\ArquitecturaSkeleton\1_Skeleton\1_Skeleton\swalib-master\swalib_example\swalib_example\Render.cpp(85,22): error C2065: 'NUM_BALLS': undeclared identifier
D:\WorkUni\UNI\Code-Architecture-Class\ArquitecturaSkeleton\1_Skeleton\1_Skeleton\swalib-master\swalib_example\swalib_example\Render.cpp(87,29): error C2065: 'balls': undeclared identifier
D:\WorkUni\UNI\Code-Architecture-Class\ArquitecturaSkeleton\1_Skeleton\1_Skeleton\swalib-master\swalib_example\swalib_example\Render.cpp(87,48): error C2065: 'balls': undeclared identifier
D:\WorkUni\UNI\Code-Architecture-Class\ArquitecturaSkeleton\1_Skeleton\1_Skeleton\swalib-master\swalib_example\swalib_example\Render.cpp(87,71): error C2065: 'balls': undeclared identifier
D:\WorkUni\UNI\Code-Architecture-Class\ArquitecturaSkeleton\1_Skeleton\1_Skeleton\swalib-master\swalib_example\swalib_example\Render.cpp(87,95): error C2065: 'balls': undeclared identifier
D:\WorkUni\UNI\Code-Architecture-Class\ArquitecturaSkeleton\1_Skeleton\1_Skeleton\swalib-master\swalib_example\swalib_example\Render.cpp(87,3): error C2660: 'CORE_RenderCenteredSprite': function does not take 2 arguments
D:\WorkUni\UNI\Code-Architecture-Class\ArquitecturaSkeleton\1_Skeleton\1_Skeleton\swalib-master\common\core.h(61,8): message : see declaration of 'CORE_RenderCenteredSprite'
D:\WorkUni\UNI\Code-Architecture-Class\ArquitecturaSkeleton\1_Skeleton\1_Skeleton\swalib-master\swalib_example\swalib_example\Render.cpp(87,3): message : while trying to match the argument list '()'
  Timer.cpp
D:\WorkUni\UNI\Code-Architecture-Class\ArquitecturaSkeleton\1_Skeleton\1_Skeleton\swalib-master\swalib_example\swalib_example\Timer.h(14,54): warning C4244: 'return': conversion from '__int64' to 'double', possible loss of data
  Generating Code...
